TN:
SF:src/modules/statements/useCases/createStatement/CreateStatementController.ts
FN:6,(anonymous_13)
FN:11,(anonymous_14)
FN:12,(anonymous_16)
FNF:3
FNH:2
FNDA:2,(anonymous_13)
FNDA:4,(anonymous_14)
FNDA:0,(anonymous_16)
DA:2,2
DA:4,2
DA:6,2
DA:7,2
DA:8,2
DA:11,2
DA:12,2
DA:13,0
DA:14,0
DA:16,0
DA:17,0
DA:19,0
DA:21,0
DA:28,0
DA:30,2
LF:15
LH:8
BRDA:6,0,0,2
BRDA:6,0,1,2
BRF:2
BRH:2
end_of_record
TN:
SF:src/modules/statements/useCases/createStatement/CreateStatementError.ts
FN:3,(anonymous_6)
FN:4,(anonymous_7)
FN:5,UserNotFound
FN:10,(anonymous_9)
FN:11,InsufficientFunds
FNF:5
FNH:5
FNDA:4,(anonymous_6)
FNDA:4,(anonymous_7)
FNDA:2,UserNotFound
FNDA:4,(anonymous_9)
FNDA:2,InsufficientFunds
DA:1,4
DA:3,4
DA:4,4
DA:6,2
DA:8,4
DA:10,4
DA:12,2
DA:14,4
LF:8
LH:8
BRDA:6,0,0,2
BRDA:6,0,1,2
BRDA:12,1,0,2
BRDA:12,1,1,2
BRDA:3,2,0,4
BRDA:3,2,1,4
BRF:6
BRH:6
end_of_record
TN:
SF:src/modules/statements/useCases/createStatement/CreateStatementUseCase.ts
FN:9,(anonymous_17)
FN:10,CreateStatementUseCase
FN:18,(anonymous_19)
FNF:3
FNH:3
FNDA:4,(anonymous_17)
FNDA:7,CreateStatementUseCase
FNDA:6,(anonymous_19)
DA:1,4
DA:5,4
DA:9,4
DA:12,7
DA:15,7
DA:18,6
DA:19,6
DA:21,6
DA:22,1
DA:25,8
DA:26,2
DA:28,2
DA:29,1
DA:33,4
DA:40,4
DA:42,4
LF:16
LH:16
BRDA:19,0,0,6
BRDA:19,0,1,4
BRDA:21,1,0,1
BRDA:21,1,1,5
BRDA:25,2,0,3
BRDA:25,2,1,2
BRDA:28,3,0,1
BRDA:28,3,1,1
BRF:8
BRH:8
end_of_record
TN:
SF:src/modules/statements/useCases/getBalance/GetBalanceController.ts
FN:7,(anonymous_13)
FN:8,(anonymous_15)
FNF:2
FNH:1
FNDA:4,(anonymous_13)
FNDA:0,(anonymous_15)
DA:2,2
DA:4,2
DA:5,2
DA:7,2
DA:8,2
DA:9,0
DA:11,0
DA:13,0
DA:15,0
DA:17,0
DA:19,2
LF:11
LH:6
BRF:0
BRH:0
end_of_record
TN:
SF:src/modules/statements/useCases/getBalance/GetBalanceError.ts
FN:3,(anonymous_6)
FN:4,GetBalanceError
FNF:2
FNH:2
FNDA:3,(anonymous_6)
FNDA:2,GetBalanceError
DA:1,3
DA:3,3
DA:5,2
DA:7,3
LF:4
LH:4
BRDA:5,0,0,2
BRDA:5,0,1,2
BRF:2
BRH:2
end_of_record
TN:
SF:src/modules/statements/useCases/getBalance/GetBalanceUseCase.ts
FN:18,(anonymous_17)
FN:19,GetBalanceUseCase
FN:27,(anonymous_19)
FNF:3
FNH:3
FNDA:3,(anonymous_17)
FNDA:2,GetBalanceUseCase
FNDA:2,(anonymous_19)
DA:1,3
DA:6,3
DA:18,3
DA:21,2
DA:24,2
DA:27,3
DA:28,2
DA:30,2
DA:31,1
DA:34,1
DA:39,1
DA:41,3
LF:12
LH:12
BRDA:28,0,0,2
BRDA:30,1,0,1
BRDA:30,1,1,1
BRF:3
BRH:3
end_of_record
TN:
SF:src/modules/statements/useCases/getStatementOperation/GetStatementOperationController.ts
FN:6,(anonymous_13)
FN:7,(anonymous_15)
FNF:2
FNH:1
FNDA:4,(anonymous_13)
FNDA:0,(anonymous_15)
DA:2,2
DA:4,2
DA:6,2
DA:7,2
DA:8,0
DA:9,0
DA:11,0
DA:13,0
DA:18,0
DA:20,2
LF:10
LH:5
BRF:0
BRH:0
end_of_record
TN:
SF:src/modules/statements/useCases/getStatementOperation/GetStatementOperationError.ts
FN:3,(anonymous_6)
FN:4,(anonymous_7)
FN:5,UserNotFound
FN:10,(anonymous_9)
FN:11,StatementNotFound
FNF:5
FNH:5
FNDA:3,(anonymous_6)
FNDA:3,(anonymous_7)
FNDA:2,UserNotFound
FNDA:3,(anonymous_9)
FNDA:2,StatementNotFound
DA:1,3
DA:3,3
DA:4,3
DA:6,2
DA:8,3
DA:10,3
DA:12,2
DA:14,3
LF:8
LH:8
BRDA:6,0,0,2
BRDA:6,0,1,2
BRDA:12,1,0,2
BRDA:12,1,1,2
BRDA:3,2,0,3
BRDA:3,2,1,3
BRF:6
BRH:6
end_of_record
TN:
SF:src/modules/statements/useCases/getStatementOperation/GetStatementOperationUseCase.ts
FN:13,(anonymous_17)
FN:14,GetStatementOperationUseCase
FN:22,(anonymous_19)
FNF:3
FNH:3
FNDA:3,(anonymous_17)
FNDA:3,GetStatementOperationUseCase
FNDA:3,(anonymous_19)
DA:1,3
DA:5,3
DA:13,3
DA:16,3
DA:19,3
DA:22,3
DA:23,3
DA:25,3
DA:26,1
DA:29,2
DA:32,2
DA:33,1
DA:36,1
DA:38,3
LF:14
LH:14
BRDA:23,0,0,3
BRDA:25,1,0,1
BRDA:25,1,1,2
BRDA:32,2,0,1
BRDA:32,2,1,1
BRF:5
BRH:5
end_of_record
TN:
SF:src/modules/users/useCases/authenticateUser/AuthenticateUserController.ts
FN:6,(anonymous_13)
FN:7,(anonymous_15)
FNF:2
FNH:2
FNDA:4,(anonymous_13)
FNDA:3,(anonymous_15)
DA:2,2
DA:4,2
DA:6,2
DA:7,2
DA:8,3
DA:10,3
DA:12,3
DA:17,1
DA:19,2
LF:9
LH:9
BRF:0
BRH:0
end_of_record
TN:
SF:src/modules/users/useCases/authenticateUser/AuthenticateUserUseCase.ts
FN:17,(anonymous_18)
FN:18,AuthenticateUserUseCase
FN:23,(anonymous_20)
FNF:3
FNH:3
FNDA:3,(anonymous_18)
FNDA:6,AuthenticateUserUseCase
FNDA:6,(anonymous_20)
DA:1,3
DA:2,3
DA:3,3
DA:5,3
DA:9,3
DA:17,3
DA:20,6
DA:23,6
DA:24,6
DA:26,6
DA:27,2
DA:30,4
DA:32,4
DA:33,2
DA:36,2
DA:38,2
DA:43,2
DA:52,3
LF:18
LH:18
BRDA:24,0,0,6
BRDA:26,1,0,2
BRDA:26,1,1,4
BRDA:32,2,0,2
BRDA:32,2,1,2
BRF:5
BRH:5
end_of_record
TN:
SF:src/modules/users/useCases/authenticateUser/IncorrectEmailOrPasswordError.ts
FN:3,(anonymous_6)
FN:4,IncorrectEmailOrPasswordError
FNF:2
FNH:2
FNDA:3,(anonymous_6)
FNDA:6,IncorrectEmailOrPasswordError
DA:1,3
DA:3,3
DA:5,6
DA:7,3
LF:4
LH:4
BRDA:5,0,0,6
BRDA:5,0,1,6
BRF:2
BRH:2
end_of_record
TN:
SF:src/modules/users/useCases/createUser/CreateUserController.ts
FN:6,(anonymous_13)
FN:7,(anonymous_15)
FNF:2
FNH:2
FNDA:4,(anonymous_13)
FNDA:3,(anonymous_15)
DA:2,2
DA:4,2
DA:6,2
DA:7,2
DA:8,3
DA:10,3
DA:12,6
DA:18,2
DA:20,2
LF:9
LH:9
BRF:0
BRH:0
end_of_record
TN:
SF:src/modules/users/useCases/createUser/CreateUserError.ts
FN:3,(anonymous_6)
FN:4,CreateUserError
FNF:2
FNH:2
FNDA:8,(anonymous_6)
FNDA:3,CreateUserError
DA:1,8
DA:3,8
DA:5,3
DA:7,8
LF:4
LH:4
BRDA:5,0,0,3
BRDA:5,0,1,3
BRF:2
BRH:2
end_of_record
TN:
SF:src/modules/users/useCases/createUser/CreateUserUseCase.ts
FN:10,(anonymous_17)
FN:11,CreateUserUseCase
FN:16,(anonymous_19)
FNF:3
FNH:3
FNDA:8,(anonymous_17)
FNDA:19,CreateUserUseCase
FNDA:15,(anonymous_19)
DA:1,8
DA:2,8
DA:4,8
DA:10,8
DA:13,19
DA:16,15
DA:17,15
DA:19,15
DA:20,2
DA:23,13
DA:25,13
DA:31,13
DA:33,8
LF:13
LH:13
BRDA:17,0,0,15
BRDA:19,1,0,2
BRDA:19,1,1,13
BRF:3
BRH:3
end_of_record
TN:
SF:src/modules/users/useCases/showUserProfile/ShowUserProfileController.ts
FN:7,(anonymous_13)
FN:8,(anonymous_15)
FNF:2
FNH:1
FNDA:4,(anonymous_13)
FNDA:0,(anonymous_15)
DA:2,2
DA:4,2
DA:5,2
DA:7,2
DA:8,2
DA:9,0
DA:11,0
DA:13,0
DA:15,0
DA:17,0
DA:19,2
LF:11
LH:6
BRF:0
BRH:0
end_of_record
TN:
SF:src/modules/users/useCases/showUserProfile/ShowUserProfileError.ts
FN:3,(anonymous_6)
FN:4,ShowUserProfileError
FNF:2
FNH:2
FNDA:3,(anonymous_6)
FNDA:2,ShowUserProfileError
DA:1,3
DA:3,3
DA:5,2
DA:7,3
LF:4
LH:4
BRDA:5,0,0,2
BRDA:5,0,1,2
BRF:2
BRH:2
end_of_record
TN:
SF:src/modules/users/useCases/showUserProfile/ShowUserProfileUseCase.ts
FN:7,(anonymous_17)
FN:8,ShowUserProfileUseCase
FN:13,(anonymous_19)
FNF:3
FNH:3
FNDA:3,(anonymous_17)
FNDA:2,ShowUserProfileUseCase
FNDA:2,(anonymous_19)
DA:1,3
DA:4,3
DA:7,3
DA:10,2
DA:13,3
DA:14,2
DA:16,2
DA:17,1
DA:20,1
DA:22,3
LF:10
LH:10
BRDA:14,0,0,2
BRDA:16,1,0,1
BRDA:16,1,1,1
BRF:3
BRH:3
end_of_record
